<?xml version="1.0" encoding="UTF-8"?>
<!-- Generated by org.testng.reporters.JUnitXMLReporter -->
<testsuite ignored="0" hostname="DESKTOP-SNTELLR" failures="0" tests="2" name="NegativeTests" time="17.042" errors="0" timestamp="2024-05-09T13:44:58 EDT">
  <testcase classname="com.herokuapp.theinternet.NegativeTests" name="invalidusernameTests" time="10.131"/>
  <testcase classname="com.herokuapp.theinternet.NegativeTests$invalidpasswordTests" name="invalidusernameTests" time="6.87"/>
</testsuite> <!-- NegativeTests -->
